<?xml version="1.0" encoding="UTF-8"?>
<!-- Generated by org.testng.reporters.JUnitReportReporter -->
<testsuite hostname="NS-W-IT0M-S2" failures="0" tests="1" name="workFlow.AddWorkOrder" time="2.808" errors="0" timestamp="03 Feb 2020 10:21:11 GMT" skipped="0">
  <testcase classname="workFlow.AddWorkOrder" name="workflow_request" time="2.808"/>
</testsuite> <!-- workFlow.AddWorkOrder -->
