<?xml version="1.0" encoding="UTF-8"?>
<!-- Generated by org.testng.reporters.JUnitReportReporter -->
<testsuite hostname="NS-W-IT0M-S2" failures="0" tests="1" name="workFlow.GetInventory_EngineerIdBranchId" time="2.840" errors="0" timestamp="04 Feb 2020 04:49:06 GMT" skipped="0">
  <testcase classname="workFlow.GetInventory_EngineerIdBranchId" name="getworkflow_Inventory_EngineerIdBranchId" time="2.840"/>
</testsuite> <!-- workFlow.GetInventory_EngineerIdBranchId -->
