<?xml version="1.0" encoding="UTF-8"?>
<!-- Generated by org.testng.reporters.JUnitReportReporter -->
<testsuite hostname="NS-W-IT0M-S2" failures="0" tests="1" name="value.Value_getApiValue" time="0.279" errors="0" timestamp="05 Feb 2020 06:21:39 GMT" skipped="0">
  <testcase classname="value.Value_getApiValue" name="value_getValue" time="0.279"/>
</testsuite> <!-- value.Value_getApiValue -->
