<?xml version="1.0" encoding="UTF-8"?>
<!-- Generated by org.testng.reporters.JUnitReportReporter -->
<testsuite hostname="NS-W-IT0M-S2" failures="0" tests="1" name="workFlow.GetCatogories" time="2.590" errors="0" timestamp="03 Feb 2020 08:46:27 GMT" skipped="0">
  <testcase classname="workFlow.GetCatogories" name="get_Branches" time="2.590"/>
</testsuite> <!-- workFlow.GetCatogories -->
