<?xml version="1.0" encoding="UTF-8"?>
<!-- Generated by org.testng.reporters.JUnitReportReporter -->
<testsuite hostname="NS-W-IT0M-S2" failures="0" tests="1" name="workFlow.AddExpenses" time="2.743" errors="0" timestamp="05 Feb 2020 10:00:01 GMT" skipped="0">
  <testcase classname="workFlow.AddExpenses" name="workflow_expnses" time="2.743"/>
</testsuite> <!-- workFlow.AddExpenses -->
