<?xml version="1.0" encoding="UTF-8"?>
<!-- Generated by org.testng.reporters.JUnitReportReporter -->
<testsuite hostname="NS-W-IT0M-S2" failures="0" tests="1" name="workFlow.AddInHandInventory" time="2.748" errors="0" timestamp="05 Feb 2020 10:13:58 GMT" skipped="0">
  <testcase classname="workFlow.AddInHandInventory" name="workflow_addingInHandInventory" time="2.748"/>
</testsuite> <!-- workFlow.AddInHandInventory -->
