<?xml version="1.0" encoding="UTF-8"?>
<!-- Generated by org.testng.reporters.JUnitReportReporter -->
<testsuite hostname="NS-W-IT0M-S2" failures="0" tests="1" name="workFlow.GetClosingDetails_ItemMaskId" time="2.722" errors="0" timestamp="04 Feb 2020 06:07:30 GMT" skipped="0">
  <testcase classname="workFlow.GetClosingDetails_ItemMaskId" name="getworkflow_GetClosingDetails" time="2.722"/>
</testsuite> <!-- workFlow.GetClosingDetails_ItemMaskId -->
