<?xml version="1.0" encoding="UTF-8"?>
<!-- Generated by org.testng.reporters.JUnitReportReporter -->
<testsuite hostname="NS-W-IT0M-S2" failures="0" tests="1" name="loginApi.LoginApi_test5" time="0.296" errors="0" timestamp="05 Feb 2020 06:21:39 GMT" skipped="0">
  <testcase classname="loginApi.LoginApi_test5" name="SendLogMail" time="0.296"/>
</testsuite> <!-- loginApi.LoginApi_test5 -->
