<?xml version="1.0" encoding="UTF-8"?>
<!-- Generated by org.testng.reporters.JUnitReportReporter -->
<testsuite hostname="NS-W-IT0M-S2" failures="0" tests="1" name="system_inside.LoginApi_test4" time="2.617" errors="0" timestamp="30 Jan 2020 11:07:44 GMT" skipped="0">
  <testcase classname="system_inside.LoginApi_test4" name="updatePassword" time="2.617"/>
</testsuite> <!-- system_inside.LoginApi_test4 -->
