<?xml version="1.0" encoding="UTF-8"?>
<!-- Generated by org.testng.reporters.JUnitReportReporter -->
<testsuite hostname="NS-W-IT0M-S2" failures="0" tests="1" name="workFlow.GetInventory_BranchID_CatogoryId" time="2.718" errors="0" timestamp="03 Feb 2020 08:55:03 GMT" skipped="0">
  <testcase classname="workFlow.GetInventory_BranchID_CatogoryId" name="getInventory_Branch_Catogory" time="2.718"/>
</testsuite> <!-- workFlow.GetInventory_BranchID_CatogoryId -->
