<?xml version="1.0" encoding="UTF-8"?>
<!-- Generated by org.testng.reporters.JUnitReportReporter -->
<testsuite hostname="NS-W-IT0M-S2" failures="0" tests="2" name="taskApi.AllTask_BranchId_userId" time="3.267" errors="0" timestamp="05 Feb 2020 07:28:00 GMT" skipped="0">
  <testcase classname="taskApi.AllTask_BranchId_userId" name="task_allTask_Branch278_userId22" time="2.931"/>
  <testcase classname="taskApi.AllTask_BranchId_userId" name="task_allTask_Branch293_userId42" time="0.336"/>
</testsuite> <!-- taskApi.AllTask_BranchId_userId -->
