<?xml version="1.0" encoding="UTF-8"?>
<!-- Generated by org.testng.reporters.JUnitReportReporter -->
<testsuite hostname="NS-W-IT0M-S2" failures="0" tests="1" name="value.AddInHandInventory" time="2.582" errors="0" timestamp="03 Feb 2020 07:31:32 GMT" skipped="0">
  <testcase classname="value.AddInHandInventory" name="workflow_addInHandInventory" time="2.582"/>
</testsuite> <!-- value.AddInHandInventory -->
