<?xml version="1.0" encoding="UTF-8"?>
<!-- Generated by org.testng.reporters.JUnitReportReporter -->
<testsuite hostname="NS-W-IT0M-S2" failures="0" tests="1" name="loginApi.LoginApi_test3" time="2.506" errors="0" timestamp="05 Feb 2020 09:09:01 GMT" skipped="0">
  <testcase classname="loginApi.LoginApi_test3" name="addUser_login" time="2.506"/>
</testsuite> <!-- loginApi.LoginApi_test3 -->
