<?xml version="1.0" encoding="UTF-8"?>
<!-- Generated by org.testng.reporters.JUnitReportReporter -->
<testsuite hostname="NS-W-IT0M-S2" failures="0" tests="1" name="workFlow.GetInHandInventory" time="2.695" errors="0" timestamp="05 Feb 2020 10:04:45 GMT" skipped="0">
  <testcase classname="workFlow.GetInHandInventory" name="workflow_grtInHandInventory" time="2.695"/>
</testsuite> <!-- workFlow.GetInHandInventory -->
