<?xml version="1.0" encoding="UTF-8"?>
<!-- Generated by org.testng.reporters.JUnitReportReporter -->
<testsuite hostname="NS-W-IT0M-S2" failures="0" tests="1" name="loginApi.LoginApi_updatePassword" time="2.549" errors="0" timestamp="05 Feb 2020 09:14:59 GMT" skipped="0">
  <testcase classname="loginApi.LoginApi_updatePassword" name="updatePassword" time="2.549"/>
</testsuite> <!-- loginApi.LoginApi_updatePassword -->
