<?xml version="1.0" encoding="UTF-8"?>
<!-- Generated by org.testng.reporters.JUnitReportReporter -->
<testsuite hostname="NS-W-IT0M-S2" failures="0" tests="2" name="workFlow.GetInventory_BranchId" time="0.611" errors="0" timestamp="05 Feb 2020 06:21:39 GMT" skipped="0">
  <testcase classname="workFlow.GetInventory_BranchId" name="workflow_getInventory_BranchId42" time="0.291"/>
  <testcase classname="workFlow.GetInventory_BranchId" name="workflow_getInventory_BranchId22" time="0.320"/>
</testsuite> <!-- workFlow.GetInventory_BranchId -->
