<?xml version="1.0" encoding="UTF-8"?>
<!-- Generated by org.testng.reporters.JUnitReportReporter -->
<testsuite hostname="NS-W-IT0M-S2" failures="0" tests="1" name="workFlow.GetActions" time="2.592" errors="0" timestamp="03 Feb 2020 10:02:12 GMT" skipped="0">
  <testcase classname="workFlow.GetActions" name="getworkflowActions" time="2.592"/>
</testsuite> <!-- workFlow.GetActions -->
