<?xml version="1.0" encoding="UTF-8"?>
<!-- Generated by org.testng.reporters.JUnitReportReporter -->
<testsuite hostname="NS-W-IT0M-S2" failures="0" tests="1" name="workFlow.GetBranches" time="2.553" errors="0" timestamp="03 Feb 2020 07:40:50 GMT" skipped="0">
  <testcase classname="workFlow.GetBranches" name="get_Branches" time="2.553"/>
</testsuite> <!-- workFlow.GetBranches -->
