<?xml version="1.0" encoding="UTF-8"?>
<!-- Generated by org.testng.reporters.JUnitReportReporter -->
<testsuite hostname="NS-W-IT0M-S2" failures="0" tests="1" name="loginApi.LoginApi_test4" time="2.526" errors="0" timestamp="05 Feb 2020 09:09:54 GMT" skipped="0">
  <testcase classname="loginApi.LoginApi_test4" name="updatePassword" time="2.526"/>
</testsuite> <!-- loginApi.LoginApi_test4 -->
