<?xml version="1.0" encoding="UTF-8"?>
<!-- Generated by org.testng.reporters.JUnitReportReporter -->
<testsuite hostname="NS-W-IT0M-S2" failures="0" tests="1" name="loginApi.LoginApi_test2" time="2.805" errors="0" timestamp="05 Feb 2020 08:58:46 GMT" skipped="0">
  <testcase classname="loginApi.LoginApi_test2" name="findUser_login" time="2.805"/>
</testsuite> <!-- loginApi.LoginApi_test2 -->
