<?xml version="1.0" encoding="UTF-8"?>
<!-- Generated by org.testng.reporters.JUnitReportReporter -->
<testsuite hostname="NS-W-IT0M-S2" failures="0" tests="2" name="workFlow.AddClosingDetails" time="2.835" errors="0" timestamp="05 Feb 2020 09:23:35 GMT" skipped="0">
  <testcase classname="workFlow.AddClosingDetails" name="workflow_addClosingDetails" time="2.676"/>
  <testcase classname="workFlow.AddClosingDetails" name="workflow_addClosingDetailsWithData" time="0.159"/>
</testsuite> <!-- workFlow.AddClosingDetails -->
