<?xml version="1.0" encoding="UTF-8"?>
<!-- Generated by org.testng.reporters.JUnitReportReporter -->
<testsuite hostname="NS-W-IT0M-S2" failures="0" tests="1" name="workFlow.GetExpenses" time="2.732" errors="0" timestamp="05 Feb 2020 09:58:10 GMT" skipped="0">
  <testcase classname="workFlow.GetExpenses" name="workflow_expenses" time="2.732"/>
</testsuite> <!-- workFlow.GetExpenses -->
