<?xml version="1.0" encoding="UTF-8"?>
<!-- Generated by org.testng.reporters.JUnitReportReporter -->
<testsuite hostname="NS-W-IT0M-S2" failures="0" tests="1" name="system_inside.ItemApiTest" time="2.659" errors="0" timestamp="30 Jan 2020 10:05:19 GMT" skipped="0">
  <testcase classname="system_inside.ItemApiTest" name="PostData" time="2.659"/>
</testsuite> <!-- system_inside.ItemApiTest -->
