<?xml version="1.0" encoding="UTF-8"?>
<!-- Generated by org.testng.reporters.JUnitReportReporter -->
<testsuite hostname="NS-W-IT0M-S2" failures="0" tests="1" name="taskApi.AllTask_getRequest" time="0.279" errors="0" timestamp="05 Feb 2020 06:21:39 GMT" skipped="0">
  <testcase classname="taskApi.AllTask_getRequest" name="task_getReq_EnggId278_BranchId22" time="0.279"/>
</testsuite> <!-- taskApi.AllTask_getRequest -->
