<?xml version="1.0" encoding="UTF-8"?>
<!-- Generated by org.testng.reporters.JUnitReportReporter -->
<testsuite hostname="NS-W-IT0M-S2" failures="0" tests="1" name="taskApi.TaskStatus" time="0.339" errors="0" timestamp="05 Feb 2020 06:21:39 GMT" skipped="0">
  <testcase classname="taskApi.TaskStatus" name="task_status" time="0.339"/>
</testsuite> <!-- taskApi.TaskStatus -->
