<?xml version="1.0" encoding="UTF-8"?>
<!-- Generated by org.testng.reporters.JUnitReportReporter -->
<testsuite hostname="NS-W-IT0M-S2" failures="0" tests="1" name="workFlow.RequestPart" time="2.736" errors="0" timestamp="05 Feb 2020 09:16:25 GMT" skipped="0">
  <testcase classname="workFlow.RequestPart" name="workflow_request" time="2.736"/>
</testsuite> <!-- workFlow.RequestPart -->
