<?xml version="1.0" encoding="UTF-8"?>
<!-- Generated by org.testng.reporters.JUnitReportReporter -->
<testsuite hostname="NS-W-IT0M-S2" failures="0" tests="1" name="workFlow.GetRepairOptions" time="2.516" errors="0" timestamp="03 Feb 2020 10:08:32 GMT" skipped="0">
  <testcase classname="workFlow.GetRepairOptions" name="getworkflow_RepairOption" time="2.516"/>
</testsuite> <!-- workFlow.GetRepairOptions -->
