<?xml version="1.0" encoding="UTF-8"?>
<!-- Generated by org.testng.reporters.JUnitReportReporter -->
<testsuite hostname="NS-W-IT0M-S2" failures="0" tests="1" name="workFlow.GetWorkOrder" time="2.652" errors="0" timestamp="04 Feb 2020 04:29:56 GMT" skipped="0">
  <testcase classname="workFlow.GetWorkOrder" name="getworkflow_workOrder_itemMaskId" time="2.652"/>
</testsuite> <!-- workFlow.GetWorkOrder -->
